<?xml version="1.0" encoding="UTF-8"?>
<testsuite xmlns:xsi="http://www.w3.org/2001/XMLSchema-instance" xsi:noNamespaceSchemaLocation="https://maven.apache.org/surefire/maven-surefire-plugin/xsd/surefire-test-report-3.0.xsd" version="3.0" name="com.github.karekarmandar.ensek.TC003_CountOrdersBeforeTodayApiTest" time="0.151" tests="1" errors="0" skipped="0" failures="0">
  <properties>
[...]
</properties>
  <testcase name="countOrdersBeforeTodayUtc" classname="com.github.karekarmandar.ensek.TC003_CountOrdersBeforeTodayApiTest" time="0.149">
    <system-out><![CDATA[Orders created BEFORE today (UTC): 0
]]></system-out>
  </testcase>
</testsuite>